Loading OHLCV pickle...
Loading returns / universe...
Loading market cap / industry classification...
Panel ready: 2769 dates x 4999 tickers (2010-01-04 -> 2020-12-31)

--- Standalone sleeves (hysteresis design) ---
alpha    gross Sh  net Sh  turn%  annret%
alpha024     1.89    1.53     18      7.4
alpha041     1.55    0.80     66      7.8
C:\Users\USER\Documents\GitHub\QRT_comp\venv\Lib\site-packages\pandas\core\internals\blocks.py:347: RuntimeWarning: invalid value encountered in sqrt
  result = func(self.values, **kwargs)
alpha100     1.85    1.03     55      7.3
alpha043     1.18    0.49     58      5.9
alpha019     1.20    0.68     33      4.9
alpha073     1.16    0.53     54      5.9

============================================================
ENSEMBLE (inverse-vol, internal netting)
============================================================
  Gross Sharpe : 2.35
  Net   Sharpe : 1.57
  Turnover     : 56%   (sum of standalone sleeves: 283% -> netting saves 80%)
  Net ann ret  : 6.8%   vol 4.3%
  Max drawdown : -9.2% (of GMV-days)
  [equal-weight blend: net Sharpe 1.51, turn 57%]

--- Year-by-year (inverse-vol ensemble, net) ---
   year  net Sharpe  ann ret %
   2010        2.74        7.5
   2011        1.94        7.2
   2012        2.98        6.4
   2013        2.58        5.5
   2014        1.03        3.4
   2015        1.30        4.2
   2016        1.57        6.0
   2017        0.58        1.5
   2018        0.32        1.1
   2019        1.57        4.5
   2020        2.65       27.6

Saved ensemble_weights.parquet, ensemble_net_pnl.csv
