  built alpha024
  built alpha041
C:\Users\USER\Documents\GitHub\QRT_comp\venv\Lib\site-packages\pandas\core\internals\blocks.py:347: RuntimeWarning: invalid value encountered in sqrt
  result = func(self.values, **kwargs)
  built alpha100

  legend: full / IS<=2020 / OOS>=2021 / 1y=trailing252

  LIVE-3             | gross: full 1.45 OOS 1.72 1y 2.63  | net: full 0.67 IS 0.56 OOS 0.92 1y 1.84
  FINAL 4-leg (WIRED) | gross: full 2.03 OOS 1.95 1y 2.52  | net: full 1.35 IS 1.38 OOS 1.30 1y 1.96
  FINAL 5-leg (+ResMR) | gross: full 1.77 OOS 1.87 1y 2.41  | net: full 1.19 IS 1.16 OOS 1.27 1y 1.85

  per-year net % (Sharpe):  LIVE-3   vs   FINAL 4-leg
    2010:   +1.8% (+0.93)    +3.7% (+1.75)
    2011:   +4.2% (+1.73)    +4.3% (+1.63)
    2012:   +1.0% (+0.52)    +2.7% (+1.34)
    2013:   +2.1% (+1.06)    +3.2% (+1.59)
    2014:   +1.5% (+0.75)    +1.9% (+0.92)
    2015:   +1.4% (+0.65)    +3.1% (+1.37)
    2016:   -1.5% (-0.74)    +1.3% (+0.60)
    2017:   +1.4% (+0.74)    +2.5% (+1.22)
    2018:   -0.4% (-0.20)    +1.1% (+0.52)
    2019:   +1.4% (+0.66)    +1.5% (+0.73)
    2020:   +6.0% (+0.75)   +20.1% (+2.74)
    2021:   +1.8% (+0.45)    +2.7% (+0.68) *OOS
    2022:   +1.1% (+0.38)    +2.8% (+0.91) *OOS
    2023:   +3.5% (+1.66)    +3.9% (+1.79) *OOS
    2024:   +0.9% (+0.40)    +2.3% (+0.96) *OOS
    2025:   +4.6% (+1.56)    +7.2% (+1.98) *OOS
    2026:   +2.7% (+2.05)    +3.6% (+2.26) *OOS
