Evaluating alphas: [1, 2, 3, 4, 5, 6, 7, 8, 9, 10, 11, 12, 13, 14, 15, 16, 17, 18, 19, 20, 21, 22, 23, 24, 25, 26, 27, 28, 29, 30, 31, 32, 33, 34, 35, 36, 37, 38, 39, 40, 41, 42, 43, 44, 45, 46, 47, 48, 49, 50, 51, 52, 53, 54, 55, 56, 57, 58, 59, 60, 61, 62, 63, 64, 65, 66, 67, 68, 69, 70, 71, 72, 73, 74, 75, 76, 77, 78, 79, 80, 81, 82, 83, 84, 85, 86, 87, 88, 89, 90, 91, 92, 93, 94, 95, 96, 97, 98, 99, 100, 101]
Loading OHLCV pickle...
Loading returns / universe...
Loading market cap / industry classification...
Panel ready: 2769 dates x 4999 tickers (2010-01-04 -> 2020-12-31)

=== alpha001 ===
  mean IC -0.0056 | hit 47.6% | IC-IR -0.064 | t -3.33 | L/S Sharpe -0.23 | 2710 days
  best 2013 (IC 0.0031) | worst 2016 (IC -0.0128) | spread 0.0159
    year   meanIC   hit   days  L/S Sh
    2010  -0.0053  47%   193   0.22
    2011  -0.0006  50%   252   1.34
    2012  -0.0112  44%   250   -1.49
    2013  +0.0031  52%   252   0.6
    2014  -0.0088  48%   252   -0.82
    2015  -0.0083  39%   252   -0.27
    2016  -0.0128  47%   252   -0.08
    2017  -0.0003  51%   251   0.71
    2018  +0.0000  51%   251   0.09
    2019  -0.0078  43%   252   -2.07
    2020  -0.0093  50%   253   -1.1

=== alpha002 ===
  mean IC +0.0054 | hit 54.9% | IC-IR 0.135 | t 7.01 | L/S Sharpe 0.43 | 2710 days
  best 2013 (IC 0.0085) | worst 2016 (IC 0.0011) | spread 0.0074
    year   meanIC   hit   days  L/S Sh
    2010  +0.0067  55%   193   1.22
    2011  +0.0083  58%   252   2.85
    2012  +0.0072  60%   250   0.84
    2013  +0.0085  57%   252   1.32
    2014  +0.0053  58%   252   1.19
    2015  +0.0034  54%   252   1.11
    2016  +0.0011  50%   252   -0.57
    2017  +0.0053  53%   251   1.69
    2018  +0.0073  55%   251   2.26
    2019  +0.0027  52%   252   -0.18
    2020  +0.0042  53%   253   1.0

=== alpha003 ===
  mean IC +0.0035 | hit 53.4% | IC-IR 0.091 | t 4.74 | L/S Sharpe 0.84 | 2710 days
  best 2012 (IC 0.0115) | worst 2017 (IC -0.0014) | spread 0.0129
    year   meanIC   hit   days  L/S Sh
    2010  +0.0048  53%   193   1.37
    2011  +0.0045  52%   252   1.39
    2012  +0.0115  64%   250   3.37
    2013  +0.0055  57%   252   0.75
    2014  +0.0023  52%   252   -0.03
    2015  +0.0007  48%   252   0.06
    2016  +0.0006  53%   252   1.65
    2017  -0.0014  49%   251   -0.85
    2018  +0.0050  56%   251   2.65
    2019  +0.0059  55%   252   2.49
    2020  -0.0002  46%   253   0.17

=== alpha004 ===
  mean IC +0.0053 | hit 50.6% | IC-IR 0.044 | t 2.29 | L/S Sharpe 0.53 | 2710 days
  best 2020 (IC 0.0125) | worst 2016 (IC 0.0005) | spread 0.012
    year   meanIC   hit   days  L/S Sh
    2010  +0.0064  52%   193   0.22
    2011  +0.0050  46%   252   1.33
    2012  +0.0036  48%   250   -1.18
    2013  +0.0036  50%   252   -0.44
    2014  +0.0079  57%   252   0.89
    2015  +0.0024  52%   252   1.44
    2016  +0.0005  50%   252   1.16
    2017  +0.0026  48%   251   -0.69
    2018  +0.0068  48%   251   0.94
    2019  +0.0077  53%   252   0.6
    2020  +0.0125  51%   253   1.38

=== alpha005 ===
  mean IC +0.0081 | hit 53.4% | IC-IR 0.079 | t 4.1 | L/S Sharpe 1.03 | 2710 days
  best 2020 (IC 0.0171) | worst 2013 (IC -0.0005) | spread 0.0176
    year   meanIC   hit   days  L/S Sh
    2010  +0.0146  55%   193   2.68
    2011  +0.0082  52%   252   1.43
    2012  +0.0022  50%   250   0.95
    2013  -0.0005  53%   252   -0.29
    2014  +0.0070  56%   252   0.42
    2015  +0.0079  54%   252   1.24
    2016  +0.0089  56%   252   1.63
    2017  +0.0042  51%   251   0.68
    2018  +0.0068  52%   251   1.1
    2019  +0.0138  57%   252   0.75
    2020  +0.0171  53%   253   1.4

=== alpha006 ===
  mean IC +0.0037 | hit 52.6% | IC-IR 0.065 | t 3.36 | L/S Sharpe 0.57 | 2710 days
  best 2012 (IC 0.0077) | worst 2014 (IC -0.0011) | spread 0.0088
    year   meanIC   hit   days  L/S Sh
    2010  +0.0057  55%   193   1.52
    2011  +0.0061  53%   252   1.47
    2012  +0.0077  59%   250   1.57
    2013  +0.0046  52%   252   0.67
    2014  -0.0011  53%   252   -0.32
    2015  +0.0031  51%   252   0.27
    2016  -0.0001  50%   252   0.16
    2017  +0.0000  51%   251   -0.32
    2018  +0.0048  55%   251   1.09
    2019  +0.0037  52%   252   0.84
    2020  +0.0063  50%   253   0.71

=== alpha007 ===
  mean IC -0.0013 | hit 48.4% | IC-IR -0.039 | t -1.79 | L/S Sharpe None | 2126 days
  best 2016 (IC 0.0045) | worst 2017 (IC -0.0072) | spread 0.0117
    year   meanIC   hit   days  L/S Sh
    2010  +0.0007  50%   183   None
    2011  -0.0066  41%   245   None
    2012  -0.0018  47%   248   None
    2013  -0.0003  52%   244   None
    2014  +0.0021  54%   242   None
    2015  +0.0008  53%   237   None
    2016  +0.0045  56%   146   None
    2017  -0.0072  42%   100   None
    2018  -0.0070  36%   138   None
    2019  +0.0009  53%   125   None
    2020  -0.0024  47%   218   None

=== alpha008 ===
  mean IC +0.0053 | hit 51.2% | IC-IR 0.054 | t 2.83 | L/S Sharpe 0.71 | 2710 days
  best 2020 (IC 0.0122) | worst 2016 (IC -0.0059) | spread 0.0181
    year   meanIC   hit   days  L/S Sh
    2010  +0.0069  49%   193   1.42
    2011  +0.0088  53%   252   1.69
    2012  +0.0014  50%   250   0.52
    2013  +0.0094  54%   252   0.9
    2014  +0.0020  51%   252   0.04
    2015  +0.0093  54%   252   0.47
    2016  -0.0059  48%   252   -0.41
    2017  +0.0052  51%   251   0.83
    2018  +0.0056  51%   251   1.53
    2019  +0.0038  52%   252   0.37
    2020  +0.0122  51%   253   1.18

=== alpha009  <== regime candidate ===
  mean IC +0.0075 | hit 53.2% | IC-IR 0.079 | t 4.09 | L/S Sharpe -0.19 | 2710 days
  best 2016 (IC 0.0226) | worst 2013 (IC -0.003) | spread 0.0256
    year   meanIC   hit   days  L/S Sh
    2010  +0.0069  50%   193   0.12
    2011  +0.0053  52%   252   -0.54
    2012  +0.0008  50%   250   -2.03
    2013  -0.0030  48%   252   -1.08
    2014  +0.0035  51%   252   -0.43
    2015  +0.0150  56%   252   1.15
    2016  +0.0226  60%   252   1.36
    2017  +0.0179  58%   251   1.24
    2018  +0.0065  53%   251   0.76
    2019  +0.0058  56%   252   0.7
    2020  +0.0013  52%   253   -2.01

=== alpha010  <== regime candidate ===
  mean IC +0.0055 | hit 53.1% | IC-IR 0.062 | t 3.21 | L/S Sharpe -0.5 | 2710 days
  best 2016 (IC 0.022) | worst 2012 (IC -0.0052) | spread 0.0272
    year   meanIC   hit   days  L/S Sh
    2010  +0.0033  50%   193   -0.47
    2011  +0.0046  52%   252   -0.45
    2012  -0.0052  49%   250   -3.03
    2013  -0.0047  46%   252   -1.21
    2014  -0.0010  49%   252   -1.34
    2015  +0.0146  58%   252   0.81
    2016  +0.0220  62%   252   1.27
    2017  +0.0149  56%   251   0.11
    2018  +0.0077  55%   251   1.0
    2019  +0.0038  54%   252   0.23
    2020  -0.0004  52%   253   -1.92

=== alpha011 ===
  mean IC +0.0065 | hit 54.9% | IC-IR 0.108 | t 5.62 | L/S Sharpe 0.07 | 2710 days
  best 2015 (IC 0.0175) | worst 2017 (IC 0.0008) | spread 0.0167
    year   meanIC   hit   days  L/S Sh
    2010  +0.0085  55%   193   1.91
    2011  +0.0050  53%   252   2.25
    2012  +0.0062  55%   250   1.66
    2013  +0.0016  51%   252   2.32
    2014  +0.0108  60%   252   2.03
    2015  +0.0175  62%   252   3.01
    2016  +0.0026  53%   252   1.2
    2017  +0.0008  50%   251   0.76
    2018  +0.0025  51%   251   0.51
    2019  +0.0109  61%   252   2.21
    2020  +0.0057  53%   253   -0.69

=== alpha012 ===
  mean IC +0.0053 | hit 54.9% | IC-IR 0.1 | t 5.18 | L/S Sharpe 0.48 | 2710 days
  best 2014 (IC 0.0102) | worst 2010 (IC -0.0025) | spread 0.0127
    year   meanIC   hit   days  L/S Sh
    2010  -0.0025  46%   193   -1.25
    2011  +0.0003  52%   252   -0.91
    2012  +0.0089  56%   250   1.61
    2013  +0.0083  62%   252   1.98
    2014  +0.0102  62%   252   2.59
    2015  +0.0061  56%   252   0.21
    2016  +0.0061  57%   252   0.96
    2017  +0.0057  55%   251   0.87
    2018  -0.0001  51%   251   -0.49
    2019  +0.0072  56%   252   1.06
    2020  +0.0059  49%   253   -0.35

=== alpha013 ===
  mean IC +0.0088 | hit 58.3% | IC-IR 0.212 | t 11.02 | L/S Sharpe 1.2 | 2710 days
  best 2014 (IC 0.0144) | worst 2016 (IC 0.0043) | spread 0.0101
    year   meanIC   hit   days  L/S Sh
    2010  +0.0091  55%   193   1.79
    2011  +0.0137  64%   252   3.09
    2012  +0.0113  60%   250   2.4
    2013  +0.0125  62%   252   1.31
    2014  +0.0144  62%   252   2.46
    2015  +0.0054  57%   252   0.54
    2016  +0.0043  56%   252   0.39
    2017  +0.0070  57%   251   0.69
    2018  +0.0078  59%   251   1.94
    2019  +0.0051  54%   252   1.63
    2020  +0.0067  55%   253   0.83

=== alpha014 ===
  mean IC +0.0028 | hit 51.4% | IC-IR 0.05 | t 2.62 | L/S Sharpe 0.57 | 2710 days
  best 2012 (IC 0.0085) | worst 2016 (IC -0.0023) | spread 0.0108
    year   meanIC   hit   days  L/S Sh
    2010  +0.0057  56%   193   1.54
    2011  +0.0022  50%   252   0.86
    2012  +0.0085  59%   250   2.78
    2013  +0.0030  51%   252   -0.36
    2014  -0.0003  52%   252   0.5
    2015  +0.0027  50%   252   0.66
    2016  -0.0023  47%   252   -0.43
    2017  +0.0009  49%   251   0.43
    2018  +0.0022  54%   251   0.79
    2019  +0.0019  50%   252   0.52
    2020  +0.0073  51%   253   0.46

=== alpha015 ===
  mean IC +0.0076 | hit 58.3% | IC-IR 0.202 | t 10.53 | L/S Sharpe -0.1 | 2710 days
  best 2011 (IC 0.0129) | worst 2019 (IC 0.0025) | spread 0.0104
    year   meanIC   hit   days  L/S Sh
    2010  +0.0093  60%   193   2.26
    2011  +0.0129  64%   252   2.9
    2012  +0.0080  60%   250   1.1
    2013  +0.0119  62%   252   1.98
    2014  +0.0086  60%   252   2.09
    2015  +0.0067  58%   252   1.28
    2016  +0.0061  55%   252   1.97
    2017  +0.0041  57%   251   1.36
    2018  +0.0051  57%   251   1.76
    2019  +0.0025  53%   252   -0.29
    2020  +0.0084  55%   253   -0.92

=== alpha016 ===
  mean IC +0.0094 | hit 58.9% | IC-IR 0.222 | t 11.54 | L/S Sharpe 1.3 | 2710 days
  best 2011 (IC 0.0173) | worst 2019 (IC 0.0041) | spread 0.0132
    year   meanIC   hit   days  L/S Sh
    2010  +0.0108  58%   193   2.6
    2011  +0.0173  66%   252   3.88
    2012  +0.0123  59%   250   1.92
    2013  +0.0119  62%   252   0.64
    2014  +0.0145  63%   252   3.12
    2015  +0.0059  59%   252   0.57
    2016  +0.0067  57%   252   1.31
    2017  +0.0055  55%   251   0.15
    2018  +0.0059  57%   251   2.17
    2019  +0.0041  57%   252   1.12
    2020  +0.0087  54%   253   0.87

=== alpha017 ===
  mean IC +0.0020 | hit 50.4% | IC-IR 0.022 | t 1.14 | L/S Sharpe -0.19 | 2710 days
  best 2016 (IC 0.0123) | worst 2013 (IC -0.0093) | spread 0.0216
    year   meanIC   hit   days  L/S Sh
    2010  +0.0021  52%   193   -0.12
    2011  +0.0018  52%   252   0.68
    2012  -0.0057  45%   250   -0.79
    2013  -0.0093  44%   252   -1.59
    2014  +0.0006  50%   252   -0.06
    2015  -0.0001  50%   252   -0.34
    2016  +0.0123  53%   252   0.74
    2017  +0.0109  52%   251   0.37
    2018  +0.0014  50%   251   -0.18
    2019  +0.0028  54%   252   -0.06
    2020  +0.0046  52%   253   -0.8

=== alpha018 ===
  mean IC +0.0062 | hit 53.2% | IC-IR 0.069 | t 3.58 | L/S Sharpe 0.43 | 2710 days
  best 2016 (IC 0.0157) | worst 2020 (IC -0.0032) | spread 0.0189
    year   meanIC   hit   days  L/S Sh
    2010  +0.0067  52%   193   0.62
    2011  +0.0057  51%   252   0.59
    2012  +0.0039  51%   250   0.01
    2013  +0.0005  55%   252   0.86
    2014  +0.0089  55%   252   0.5
    2015  +0.0104  57%   252   1.25
    2016  +0.0157  59%   252   1.72
    2017  +0.0085  55%   251   0.54
    2018  +0.0032  50%   251   1.08
    2019  +0.0086  53%   252   1.13
    2020  -0.0032  47%   253   0.85

=== alpha019 ===
  mean IC +0.0078 | hit 53.2% | IC-IR 0.074 | t 3.7 | L/S Sharpe 0.59 | 2519 days
  best 2019 (IC 0.0187) | worst 2018 (IC -0.0061) | spread 0.0248
    year   meanIC   hit   days  L/S Sh
    2010  +0.0011  50%     2   -13.86
    2011  +0.0101  52%   252   1.18
    2012  +0.0084  55%   250   1.56
    2013  +0.0100  54%   252   0.82
    2014  +0.0054  51%   252   0.54
    2015  +0.0043  54%   252   -0.45
    2016  +0.0138  58%   252   0.18
    2017  +0.0064  54%   251   0.15
    2018  -0.0061  46%   251   0.15
    2019  +0.0187  59%   252   1.61
    2020  +0.0071  50%   253   0.92

=== alpha020 ===
  mean IC +0.0052 | hit 52.3% | IC-IR 0.059 | t 3.08 | L/S Sharpe 0.5 | 2710 days
  best 2015 (IC 0.0114) | worst 2011 (IC -0.0013) | spread 0.0127
    year   meanIC   hit   days  L/S Sh
    2010  +0.0068  53%   193   0.16
    2011  -0.0013  48%   252   0.65
    2012  +0.0021  52%   250   -0.35
    2013  +0.0018  55%   252   -0.49
    2014  +0.0075  53%   252   0.67
    2015  +0.0114  56%   252   0.75
    2016  +0.0105  53%   252   1.89
    2017  +0.0034  51%   251   0.6
    2018  +0.0022  49%   251   0.16
    2019  +0.0041  53%   252   0.05
    2020  +0.0094  54%   253   0.59

=== alpha021 ===
  mean IC +0.0016 | hit 49.3% | IC-IR 0.021 | t 1.09 | L/S Sharpe None | 2710 days
  best 2020 (IC 0.0096) | worst 2017 (IC -0.0073) | spread 0.0169
    year   meanIC   hit   days  L/S Sh
    2010  +0.0042  49%   193   None
    2011  +0.0005  46%   252   None
    2012  +0.0014  54%   250   None
    2013  +0.0009  50%   252   None
    2014  +0.0042  53%   252   None
    2015  +0.0059  52%   252   None
    2016  -0.0010  47%   252   None
    2017  -0.0073  44%   251   None
    2018  +0.0015  51%   251   None
    2019  -0.0015  47%   252   None
    2020  +0.0096  49%   253   None

=== alpha022 ===
  mean IC +0.0054 | hit 53.8% | IC-IR 0.109 | t 5.69 | L/S Sharpe 1.2 | 2710 days
  best 2020 (IC 0.0132) | worst 2016 (IC 0.0007) | spread 0.0125
    year   meanIC   hit   days  L/S Sh
    2010  +0.0032  51%   193   0.31
    2011  +0.0047  53%   252   0.45
    2012  +0.0056  52%   250   0.49
    2013  +0.0111  59%   252   2.95
    2014  +0.0069  59%   252   1.31
    2015  +0.0085  59%   252   2.2
    2016  +0.0007  52%   252   0.02
    2017  +0.0038  54%   251   1.23
    2018  +0.0008  46%   251   0.96
    2019  +0.0009  51%   252   -0.42
    2020  +0.0132  55%   253   2.63

=== alpha023 ===
  mean IC +0.0048 | hit 53.3% | IC-IR 0.058 | t 3.05 | L/S Sharpe 1.1 | 2710 days
  best 2010 (IC 0.009) | worst 2017 (IC -0.0046) | spread 0.0136
    year   meanIC   hit   days  L/S Sh
    2010  +0.0090  55%   193   2.23
    2011  +0.0056  49%   252   1.02
    2012  +0.0088  57%   250   2.05
    2013  +0.0025  54%   252   1.5
    2014  +0.0042  53%   252   0.82
    2015  +0.0060  57%   252   2.65
    2016  +0.0076  57%   252   1.56
    2017  -0.0046  47%   251   0.2
    2018  +0.0021  51%   251   0.68
    2019  +0.0061  56%   252   1.65
    2020  +0.0069  50%   253   0.63

=== alpha024 ===
  mean IC +0.0082 | hit 54.3% | IC-IR 0.085 | t 4.4 | L/S Sharpe 1.34 | 2710 days
  best 2015 (IC 0.0137) | worst 2011 (IC 0.0029) | spread 0.0108
    year   meanIC   hit   days  L/S Sh
    2010  +0.0069  50%   193   0.94
    2011  +0.0029  51%   252   0.87
    2012  +0.0101  53%   250   1.81
    2013  +0.0110  54%   252   1.72
    2014  +0.0062  56%   252   0.2
    2015  +0.0137  59%   252   1.86
    2016  +0.0046  54%   252   1.3
    2017  +0.0057  55%   251   0.6
    2018  +0.0087  55%   251   2.0
    2019  +0.0083  56%   252   0.9
    2020  +0.0123  54%   253   2.34

=== alpha025  <== regime candidate ===
  mean IC +0.0075 | hit 53.3% | IC-IR 0.079 | t 4.09 | L/S Sharpe 0.38 | 2710 days
  best 2016 (IC 0.0221) | worst 2013 (IC -0.0041) | spread 0.0262
    year   meanIC   hit   days  L/S Sh
    2010  +0.0101  53%   193   0.34
    2011  +0.0033  52%   252   0.38
    2012  +0.0006  49%   250   -0.24
    2013  -0.0041  48%   252   -0.61
    2014  +0.0033  54%   252   -0.45
    2015  +0.0156  58%   252   1.33
    2016  +0.0221  60%   252   1.9
    2017  +0.0123  56%   251   0.17
    2018  +0.0056  51%   251   1.9
    2019  +0.0061  54%   252   0.91
    2020  +0.0080  51%   253   -0.66

=== alpha026 ===
  mean IC +0.0056 | hit 54.6% | IC-IR 0.104 | t 5.41 | L/S Sharpe 0.63 | 2710 days
  best 2020 (IC 0.012) | worst 2012 (IC 0.0017) | spread 0.0103
    year   meanIC   hit   days  L/S Sh
    2010  +0.0065  56%   193   0.25
    2011  +0.0102  57%   252   2.12
    2012  +0.0017  54%   250   0.44
    2013  +0.0050  54%   252   0.6
    2014  +0.0045  56%   252   0.97
    2015  +0.0027  52%   252   0.86
    2016  +0.0031  50%   252   -0.42
    2017  +0.0045  57%   251   0.27
    2018  +0.0055  55%   251   1.03
    2019  +0.0065  51%   252   1.24
    2020  +0.0120  59%   253   0.43

=== alpha027 ===
  mean IC +0.0048 | hit 55.4% | IC-IR 0.134 | t 6.96 | L/S Sharpe None | 2710 days
  best 2011 (IC 0.012) | worst 2015 (IC 0.0004) | spread 0.0116
    year   meanIC   hit   days  L/S Sh
    2010  +0.0076  60%   193   None
    2011  +0.0120  62%   252   None
    2012  +0.0072  59%   250   None
    2013  +0.0058  57%   252   None
    2014  +0.0033  54%   252   None
    2015  +0.0004  56%   252   None
    2016  +0.0007  49%   252   None
    2017  +0.0033  53%   251   None
    2018  +0.0083  61%   251   None
    2019  +0.0023  51%   252   None
    2020  +0.0025  50%   253   None

=== alpha028 ===
  mean IC +0.0039 | hit 52.1% | IC-IR 0.059 | t 3.06 | L/S Sharpe 0.61 | 2710 days
  best 2017 (IC 0.0082) | worst 2011 (IC -0.0013) | spread 0.0095
    year   meanIC   hit   days  L/S Sh
    2010  +0.0071  54%   193   1.46
    2011  -0.0013  47%   252   0.11
    2012  +0.0051  54%   250   1.12
    2013  +0.0019  52%   252   1.15
    2014  +0.0043  50%   252   0.52
    2015  +0.0044  50%   252   1.34
    2016  +0.0035  50%   252   1.43
    2017  +0.0082  57%   251   0.59
    2018  +0.0026  54%   251   0.55
    2019  +0.0061  55%   252   0.86
    2020  +0.0017  52%   253   -0.1

=== alpha029 ===
  mean IC +0.0043 | hit 51.4% | IC-IR 0.047 | t 2.43 | L/S Sharpe 1.01 | 2710 days
  best 2011 (IC 0.0139) | worst 2018 (IC -0.0012) | spread 0.0151
    year   meanIC   hit   days  L/S Sh
    2010  +0.0057  51%   193   1.66
    2011  +0.0139  56%   252   2.43
    2012  +0.0052  52%   250   1.88
    2013  +0.0012  54%   252   0.76
    2014  +0.0088  56%   252   1.16
    2015  +0.0024  52%   252   0.76
    2016  +0.0000  50%   252   0.72
    2017  +0.0039  49%   251   0.89
    2018  -0.0012  50%   251   0.11
    2019  +0.0075  52%   252   1.78
    2020  +0.0006  45%   253   0.97

=== alpha030 ===
  mean IC +0.0056 | hit 52.2% | IC-IR 0.064 | t 3.36 | L/S Sharpe 0.82 | 2710 days
  best 2020 (IC 0.0118) | worst 2013 (IC -0.0027) | spread 0.0145
    year   meanIC   hit   days  L/S Sh
    2010  +0.0082  52%   193   1.36
    2011  +0.0072  54%   252   2.57
    2012  +0.0092  56%   250   1.93
    2013  -0.0027  49%   252   -0.6
    2014  +0.0073  55%   252   -0.25
    2015  +0.0066  58%   252   0.83
    2016  +0.0066  53%   252   1.97
    2017  -0.0008  46%   251   0.17
    2018  +0.0002  47%   251   1.05
    2019  +0.0084  52%   252   1.23
    2020  +0.0118  51%   253   0.83

=== alpha031 ===
  mean IC +0.0013 | hit 49.9% | IC-IR 0.018 | t 0.96 | L/S Sharpe 0.6 | 2710 days
  best 2018 (IC 0.0052) | worst 2014 (IC -0.0048) | spread 0.01
    year   meanIC   hit   days  L/S Sh
    2010  +0.0036  50%   193   1.11
    2011  +0.0006  50%   252   0.97
    2012  -0.0019  49%   250   1.04
    2013  -0.0032  46%   252   0.8
    2014  -0.0048  46%   252   -0.64
    2015  +0.0010  51%   252   0.41
    2016  +0.0045  54%   252   1.99
    2017  +0.0008  49%   251   0.38
    2018  +0.0052  51%   251   1.28
    2019  +0.0041  51%   252   0.52
    2020  +0.0052  53%   253   1.47

=== alpha032  <== regime candidate ===
  mean IC +0.0035 | hit 52.4% | IC-IR 0.034 | t 1.72 | L/S Sharpe 0.8 | 2534 days
  best 2018 (IC 0.015) | worst 2010 (IC -0.0533) | spread 0.0683
    year   meanIC   hit   days  L/S Sh
    2010  -0.0533  12%    17   -10.77
    2011  +0.0002  49%   252   0.6
    2012  +0.0069  50%   250   2.15
    2013  +0.0064  52%   252   0.93
    2014  -0.0014  53%   252   -0.24
    2015  -0.0019  50%   252   0.1
    2016  +0.0031  51%   252   0.8
    2017  +0.0014  51%   251   -0.33
    2018  +0.0150  62%   251   1.42
    2019  +0.0010  55%   252   0.2
    2020  +0.0081  54%   253   1.97

=== alpha033 ===
  mean IC +0.0074 | hit 52.8% | IC-IR 0.062 | t 3.22 | L/S Sharpe -0.07 | 2710 days
  best 2016 (IC 0.016) | worst 2020 (IC -0.0022) | spread 0.0182
    year   meanIC   hit   days  L/S Sh
    2010  +0.0070  49%   193   0.41
    2011  +0.0080  52%   252   0.38
    2012  +0.0058  50%   250   -0.4
    2013  +0.0007  50%   252   0.33
    2014  +0.0044  54%   252   -0.41
    2015  +0.0080  55%   252   -0.03
    2016  +0.0160  56%   252   0.99
    2017  +0.0131  57%   251   0.8
    2018  +0.0088  53%   251   1.41
    2019  +0.0116  56%   252   0.71
    2020  -0.0022  47%   253   -1.71

=== alpha034 ===
  mean IC +0.0078 | hit 54.2% | IC-IR 0.088 | t 4.56 | L/S Sharpe 0.48 | 2710 days
  best 2016 (IC 0.0152) | worst 2019 (IC 0.0012) | spread 0.014
    year   meanIC   hit   days  L/S Sh
    2010  +0.0093  55%   193   1.13
    2011  +0.0045  54%   252   -0.11
    2012  +0.0055  52%   250   0.67
    2013  +0.0024  54%   252   0.44
    2014  +0.0085  54%   252   0.36
    2015  +0.0122  57%   252   0.66
    2016  +0.0152  59%   252   1.4
    2017  +0.0141  55%   251   1.34
    2018  +0.0038  51%   251   0.85
    2019  +0.0012  53%   252   -0.73
    2020  +0.0096  52%   253   0.22

=== alpha035 ===
  mean IC +0.0098 | hit 55.0% | IC-IR 0.103 | t 5.34 | L/S Sharpe 0.04 | 2710 days
  best 2014 (IC 0.0158) | worst 2013 (IC 0.0027) | spread 0.0131
    year   meanIC   hit   days  L/S Sh
    2010  +0.0086  53%   193   2.12
    2011  +0.0128  54%   252   1.29
    2012  +0.0082  52%   250   0.92
    2013  +0.0027  55%   252   0.52
    2014  +0.0158  60%   252   1.16
    2015  +0.0128  58%   252   1.46
    2016  +0.0135  57%   252   0.67
    2017  +0.0065  53%   251   1.11
    2018  +0.0097  53%   251   1.31
    2019  +0.0136  60%   252   1.52
    2020  +0.0032  50%   253   -0.94

=== alpha036 ===
  mean IC +0.0047 | hit 52.7% | IC-IR 0.076 | t 3.87 | L/S Sharpe -0.25 | 2569 days
  best 2012 (IC 0.0101) | worst 2020 (IC -0.0019) | spread 0.012
    year   meanIC   hit   days  L/S Sh
    2010  +0.0075  56%    52   3.24
    2011  +0.0057  50%   252   1.1
    2012  +0.0101  60%   250   1.82
    2013  +0.0047  54%   252   1.05
    2014  +0.0060  56%   252   1.44
    2015  +0.0099  55%   252   1.92
    2016  +0.0005  50%   252   0.18
    2017  +0.0053  53%   251   1.47
    2018  -0.0015  49%   251   -0.84
    2019  +0.0078  53%   252   1.05
    2020  -0.0019  47%   253   -1.22

=== alpha037 ===
  mean IC +0.0041 | hit 54.0% | IC-IR 0.044 | t 2.2 | L/S Sharpe -0.31 | 2568 days
  best 2016 (IC 0.0121) | worst 2010 (IC -0.0071) | spread 0.0192
    year   meanIC   hit   days  L/S Sh
    2010  -0.0071  45%    51   -1.82
    2011  +0.0050  52%   252   0.69
    2012  +0.0059  54%   250   1.56
    2013  +0.0002  54%   252   -0.03
    2014  -0.0004  52%   252   -1.01
    2015  +0.0037  58%   252   -0.62
    2016  +0.0121  56%   252   0.54
    2017  +0.0066  57%   251   0.18
    2018  +0.0069  53%   251   0.69
    2019  +0.0028  54%   252   -0.49
    2020  +0.0001  52%   253   -2.01

=== alpha038 ===
  mean IC +0.0075 | hit 52.8% | IC-IR 0.063 | t 3.26 | L/S Sharpe 0.33 | 2710 days
  best 2016 (IC 0.0149) | worst 2013 (IC -0.0007) | spread 0.0156
    year   meanIC   hit   days  L/S Sh
    2010  +0.0085  55%   193   1.44
    2011  +0.0069  51%   252   0.39
    2012  +0.0042  47%   250   0.54
    2013  -0.0007  49%   252   -0.16
    2014  +0.0076  54%   252   0.48
    2015  +0.0067  56%   252   -0.27
    2016  +0.0149  56%   252   0.84
    2017  +0.0102  56%   251   0.54
    2018  +0.0083  53%   251   1.61
    2019  +0.0112  56%   252   0.63
    2020  +0.0048  48%   253   -0.21

=== alpha039 ===
  mean IC +0.0032 | hit 50.7% | IC-IR 0.028 | t 1.41 | L/S Sharpe 0.67 | 2519 days
  best 2019 (IC 0.0112) | worst 2010 (IC -0.0143) | spread 0.0255
    year   meanIC   hit   days  L/S Sh
    2010  -0.0143  50%     2   -5.0
    2011  +0.0031  46%   252   1.27
    2012  +0.0023  55%   250   0.92
    2013  -0.0028  50%   252   0.03
    2014  +0.0071  53%   252   0.76
    2015  -0.0055  49%   252   -0.27
    2016  +0.0111  56%   252   1.01
    2017  +0.0016  46%   251   -0.07
    2018  -0.0024  49%   251   1.0
    2019  +0.0112  54%   252   0.77
    2020  +0.0060  48%   253   1.13

=== alpha040 ===
  mean IC +0.0068 | hit 54.7% | IC-IR 0.11 | t 5.73 | L/S Sharpe 1.0 | 2710 days
  best 2011 (IC 0.012) | worst 2014 (IC 0.0016) | spread 0.0104
    year   meanIC   hit   days  L/S Sh
    2010  +0.0094  57%   193   1.36
    2011  +0.0120  58%   252   1.94
    2012  +0.0096  60%   250   1.62
    2013  +0.0064  56%   252   0.06
    2014  +0.0016  48%   252   0.66
    2015  +0.0035  53%   252   0.44
    2016  +0.0049  53%   252   1.1
    2017  +0.0039  50%   251   0.31
    2018  +0.0074  57%   251   2.91
    2019  +0.0074  56%   252   1.68
    2020  +0.0090  54%   253   0.93

=== alpha041 ===
  mean IC +0.0092 | hit 54.3% | IC-IR 0.101 | t 5.26 | L/S Sharpe 0.72 | 2710 days
  best 2010 (IC 0.0175) | worst 2013 (IC -0.0) | spread 0.0175
    year   meanIC   hit   days  L/S Sh
    2010  +0.0175  57%   193   2.07
    2011  +0.0103  56%   252   0.79
    2012  +0.0044  51%   250   -0.08
    2013  -0.0000  47%   252   -0.03
    2014  +0.0062  55%   252   0.09
    2015  +0.0144  57%   252   2.17
    2016  +0.0151  58%   252   1.67
    2017  +0.0091  54%   251   0.67
    2018  +0.0061  55%   251   1.23
    2019  +0.0118  53%   252   1.21
    2020  +0.0079  55%   253   -0.21

=== alpha042 ===
  mean IC +0.0050 | hit 51.3% | IC-IR 0.047 | t 2.46 | L/S Sharpe 0.88 | 2710 days
  best 2010 (IC 0.0174) | worst 2020 (IC -0.0024) | spread 0.0198
    year   meanIC   hit   days  L/S Sh
    2010  +0.0174  53%   193   3.31
    2011  +0.0034  52%   252   1.06
    2012  +0.0059  54%   250   2.37
    2013  -0.0005  51%   252   2.94
    2014  +0.0026  54%   252   1.57
    2015  +0.0031  51%   252   1.37
    2016  +0.0167  58%   252   3.17
    2017  +0.0069  50%   251   2.35
    2018  -0.0005  48%   251   1.11
    2019  +0.0050  49%   252   1.43
    2020  -0.0024  45%   253   1.37

=== alpha043 ===
  mean IC +0.0081 | hit 55.0% | IC-IR 0.098 | t 5.11 | L/S Sharpe 0.17 | 2710 days
  best 2019 (IC 0.0147) | worst 2017 (IC -0.0007) | spread 0.0154
    year   meanIC   hit   days  L/S Sh
    2010  +0.0078  56%   193   -0.42
    2011  +0.0058  57%   252   0.98
    2012  +0.0092  56%   250   -0.46
    2013  +0.0100  55%   252   0.53
    2014  +0.0122  56%   252   -0.65
    2015  +0.0104  59%   252   -0.08
    2016  +0.0027  53%   252   1.26
    2017  -0.0007  51%   251   0.81
    2018  +0.0044  53%   251   -0.21
    2019  +0.0147  59%   252   2.45
    2020  +0.0126  51%   253   -0.65

=== alpha044 ===
  mean IC +0.0085 | hit 58.3% | IC-IR 0.185 | t 9.61 | L/S Sharpe 1.48 | 2710 days
  best 2011 (IC 0.0139) | worst 2019 (IC 0.0047) | spread 0.0092
    year   meanIC   hit   days  L/S Sh
    2010  +0.0063  54%   193   0.87
    2011  +0.0139  61%   252   3.53
    2012  +0.0091  58%   250   2.53
    2013  +0.0101  63%   252   1.83
    2014  +0.0096  60%   252   2.47
    2015  +0.0075  58%   252   2.0
    2016  +0.0080  57%   252   1.79
    2017  +0.0064  61%   251   1.62
    2018  +0.0053  58%   251   2.2
    2019  +0.0047  56%   252   1.12
    2020  +0.0118  56%   253   0.66

=== alpha045 ===
  mean IC +0.0037 | hit 53.2% | IC-IR 0.087 | t 4.51 | L/S Sharpe 0.5 | 2710 days
  best 2014 (IC 0.0088) | worst 2011 (IC -0.0029) | spread 0.0117
    year   meanIC   hit   days  L/S Sh
    2010  -0.0004  52%   193   -0.6
    2011  -0.0029  49%   252   -1.55
    2012  +0.0065  54%   250   1.39
    2013  +0.0056  54%   252   1.78
    2014  +0.0088  56%   252   1.8
    2015  +0.0043  55%   252   0.49
    2016  +0.0044  54%   252   -0.03
    2017  +0.0056  55%   251   2.28
    2018  +0.0007  53%   251   0.13
    2019  +0.0041  54%   252   1.51
    2020  +0.0035  47%   253   0.15

=== alpha046 ===
  mean IC +0.0048 | hit 52.0% | IC-IR 0.056 | t 2.91 | L/S Sharpe -0.41 | 2710 days
  best 2020 (IC 0.0108) | worst 2012 (IC -0.0025) | spread 0.0133
    year   meanIC   hit   days  L/S Sh
    2010  +0.0056  52%   193   -1.91
    2011  +0.0079  53%   252   -0.42
    2012  -0.0025  47%   250   -2.01
    2013  +0.0032  56%   252   -0.49
    2014  +0.0017  50%   252   1.02
    2015  +0.0069  56%   252   0.75
    2016  +0.0029  52%   252   0.57
    2017  +0.0096  54%   251   -1.07
    2018  +0.0090  53%   251   0.67
    2019  -0.0017  48%   252   -0.64
    2020  +0.0108  52%   253   -1.01

=== alpha047 ===
  mean IC +0.0056 | hit 51.5% | IC-IR 0.051 | t 2.66 | L/S Sharpe 1.21 | 2710 days
  best 2020 (IC 0.0141) | worst 2017 (IC -0.0009) | spread 0.015
    year   meanIC   hit   days  L/S Sh
    2010  +0.0084  52%   193   0.99
    2011  +0.0010  48%   252   1.32
    2012  +0.0037  50%   250   1.14
    2013  +0.0084  55%   252   2.09
    2014  +0.0104  55%   252   1.31
    2015  +0.0032  53%   252   0.53
    2016  +0.0049  54%   252   1.08
    2017  -0.0009  47%   251   0.7
    2018  +0.0015  50%   251   1.45
    2019  +0.0078  53%   252   0.61
    2020  +0.0141  49%   253   2.17

=== alpha048 [indneut approx] ===
  mean IC +0.0005 | hit 50.7% | IC-IR 0.017 | t 0.85 | L/S Sharpe 0.07 | 2517 days
  best 2013 (IC 0.0055) | worst 2017 (IC -0.0025) | spread 0.008
    year   meanIC   hit   days  L/S Sh
    2011  +0.0025  54%   252   0.11
    2012  -0.0009  48%   250   -0.46
    2013  +0.0055  57%   252   1.38
    2014  -0.0012  48%   252   -0.47
    2015  +0.0010  50%   252   -0.21
    2016  +0.0006  52%   252   -0.78
    2017  -0.0025  48%   251   -0.01
    2018  -0.0017  46%   251   -0.01
    2019  +0.0002  51%   252   -0.06
    2020  +0.0016  52%   253   0.72

=== alpha049 ===
  mean IC +0.0050 | hit 52.4% | IC-IR 0.055 | t 2.86 | L/S Sharpe -0.26 | 2710 days
  best 2017 (IC 0.0127) | worst 2012 (IC -0.0064) | spread 0.0191
    year   meanIC   hit   days  L/S Sh
    2010  +0.0066  51%   193   -0.81
    2011  +0.0050  53%   252   0.14
    2012  -0.0064  46%   250   -1.56
    2013  -0.0011  52%   252   -0.54
    2014  -0.0009  51%   252   -1.39
    2015  +0.0081  57%   252   1.44
    2016  +0.0093  49%   252   0.15
    2017  +0.0127  54%   251   -0.51
    2018  +0.0089  57%   251   0.43
    2019  +0.0043  55%   252   0.81
    2020  +0.0091  52%   253   -0.99

=== alpha050 ===
  mean IC +0.0050 | hit 54.5% | IC-IR 0.13 | t 6.76 | L/S Sharpe -0.19 | 2710 days
  best 2011 (IC 0.01) | worst 2015 (IC -0.0004) | spread 0.0104
    year   meanIC   hit   days  L/S Sh
    2010  +0.0067  61%   193   0.99
    2011  +0.0100  59%   252   3.52
    2012  +0.0066  58%   250   1.81
    2013  +0.0046  53%   252   -0.91
    2014  +0.0038  52%   252   -0.38
    2015  -0.0004  48%   252   -0.45
    2016  +0.0049  56%   252   2.03
    2017  +0.0036  51%   251   1.8
    2018  +0.0065  56%   251   1.59
    2019  +0.0047  53%   252   1.54
    2020  +0.0047  53%   253   -1.03

=== alpha051 ===
  mean IC +0.0048 | hit 52.6% | IC-IR 0.054 | t 2.79 | L/S Sharpe -0.38 | 2710 days
  best 2017 (IC 0.0114) | worst 2012 (IC -0.006) | spread 0.0174
    year   meanIC   hit   days  L/S Sh
    2010  +0.0051  51%   193   -1.32
    2011  +0.0046  50%   252   0.04
    2012  -0.0060  46%   250   -1.84
    2013  -0.0004  53%   252   -0.56
    2014  -0.0000  50%   252   -1.66
    2015  +0.0079  60%   252   0.87
    2016  +0.0075  50%   252   0.24
    2017  +0.0114  55%   251   -0.62
    2018  +0.0090  56%   251   0.48
    2019  +0.0041  55%   252   0.82
    2020  +0.0097  53%   253   -0.92

=== alpha052 ===
  mean IC +0.0018 | hit 50.5% | IC-IR 0.021 | t 1.05 | L/S Sharpe 1.15 | 2529 days
  best 2010 (IC 0.0098) | worst 2014 (IC -0.0036) | spread 0.0134
    year   meanIC   hit   days  L/S Sh
    2010  +0.0098  50%    12   2.95
    2011  +0.0015  49%   252   2.04
    2012  -0.0014  47%   250   1.86
    2013  +0.0003  51%   252   1.46
    2014  -0.0036  48%   252   0.19
    2015  -0.0017  50%   252   -0.3
    2016  +0.0056  51%   252   1.21
    2017  +0.0028  51%   251   0.25
    2018  -0.0016  50%   251   0.81
    2019  +0.0089  55%   252   1.46
    2020  +0.0063  51%   253   2.14

=== alpha053 ===
  mean IC +0.0067 | hit 53.8% | IC-IR 0.08 | t 4.18 | L/S Sharpe 0.43 | 2710 days
  best 2011 (IC 0.0118) | worst 2013 (IC -0.001) | spread 0.0128
    year   meanIC   hit   days  L/S Sh
    2010  +0.0094  56%   193   1.72
    2011  +0.0118  56%   252   1.7
    2012  +0.0068  56%   250   0.26
    2013  -0.0010  51%   252   -0.49
    2014  +0.0048  50%   252   -0.54
    2015  +0.0089  52%   252   0.7
    2016  +0.0107  57%   252   1.37
    2017  +0.0052  52%   251   -0.37
    2018  -0.0002  54%   251   -0.06
    2019  +0.0075  54%   252   0.85
    2020  +0.0101  55%   253   0.11

=== alpha054 ===
  mean IC +0.0092 | hit 53.5% | IC-IR 0.103 | t 5.34 | L/S Sharpe 0.62 | 2710 days
  best 2010 (IC 0.0208) | worst 2013 (IC -0.0021) | spread 0.0229
    year   meanIC   hit   days  L/S Sh
    2010  +0.0208  58%   193   3.96
    2011  +0.0142  56%   252   2.93
    2012  +0.0043  52%   250   0.89
    2013  -0.0021  47%   252   0.15
    2014  +0.0066  53%   252   -0.11
    2015  +0.0094  54%   252   0.66
    2016  +0.0128  57%   252   1.61
    2017  +0.0084  53%   251   0.75
    2018  +0.0001  50%   251   -0.78
    2019  +0.0135  56%   252   1.83
    2020  +0.0163  54%   253   1.33

=== alpha055 ===
  mean IC +0.0072 | hit 58.5% | IC-IR 0.191 | t 9.92 | L/S Sharpe 1.26 | 2710 days
  best 2013 (IC 0.0125) | worst 2015 (IC 0.0032) | spread 0.0093
    year   meanIC   hit   days  L/S Sh
    2010  +0.0068  57%   193   0.48
    2011  +0.0117  62%   252   2.08
    2012  +0.0100  58%   250   2.28
    2013  +0.0125  66%   252   2.18
    2014  +0.0106  66%   252   2.11
    2015  +0.0032  54%   252   0.95
    2016  +0.0063  59%   252   1.01
    2017  +0.0034  56%   251   -0.03
    2018  +0.0065  59%   251   1.83
    2019  +0.0038  54%   252   1.34
    2020  +0.0046  53%   253   1.01

=== alpha056 [cap proxy] ===
  mean IC +0.0080 | hit 54.3% | IC-IR 0.092 | t 4.8 | L/S Sharpe 0.39 | 2710 days
  best 2016 (IC 0.0175) | worst 2013 (IC -0.0053) | spread 0.0228
    year   meanIC   hit   days  L/S Sh
    2010  +0.0098  54%   193   1.08
    2011  +0.0046  49%   252   1.1
    2012  +0.0061  53%   250   0.46
    2013  -0.0053  46%   252   -1.6
    2014  +0.0092  56%   252   -0.53
    2015  +0.0110  56%   252   0.83
    2016  +0.0175  60%   252   1.4
    2017  +0.0108  59%   251   1.63
    2018  +0.0022  51%   251   0.43
    2019  +0.0120  58%   252   1.02
    2020  +0.0101  54%   253   -0.37

=== alpha057 ===
  mean IC +0.0079 | hit 54.2% | IC-IR 0.087 | t 4.54 | L/S Sharpe 0.58 | 2710 days
  best 2010 (IC 0.0173) | worst 2013 (IC -0.0006) | spread 0.0179
    year   meanIC   hit   days  L/S Sh
    2010  +0.0173  57%   193   1.8
    2011  +0.0082  56%   252   1.22
    2012  +0.0026  52%   250   -0.24
    2013  -0.0006  51%   252   -0.15
    2014  +0.0044  50%   252   -0.32
    2015  +0.0110  56%   252   1.01
    2016  +0.0112  58%   252   1.6
    2017  +0.0081  54%   251   0.21
    2018  +0.0073  55%   251   0.97
    2019  +0.0113  54%   252   1.62
    2020  +0.0084  54%   253   0.03

=== alpha058 [indneut approx] ===
  mean IC +0.0013 | hit 51.2% | IC-IR 0.031 | t 1.59 | L/S Sharpe None | 2710 days
  best 2013 (IC 0.0056) | worst 2015 (IC -0.0023) | spread 0.0079
    year   meanIC   hit   days  L/S Sh
    2010  +0.0014  51%   193   None
    2011  +0.0053  56%   252   None
    2012  -0.0018  48%   250   None
    2013  +0.0056  56%   252   None
    2014  +0.0025  54%   252   None
    2015  -0.0023  44%   252   None
    2016  +0.0007  53%   252   None
    2017  -0.0002  50%   251   None
    2018  -0.0003  50%   251   None
    2019  +0.0016  50%   252   None
    2020  +0.0015  51%   253   None

=== alpha059 [indneut approx] ===
  mean IC +0.0044 | hit 55.6% | IC-IR 0.125 | t 6.5 | L/S Sharpe 0.7 | 2710 days
  best 2013 (IC 0.0092) | worst 2016 (IC 0.0009) | spread 0.0083
    year   meanIC   hit   days  L/S Sh
    2010  +0.0074  56%   193   None
    2011  +0.0048  57%   252   None
    2012  +0.0061  56%   250   None
    2013  +0.0092  59%   252   None
    2014  +0.0038  57%   252   None
    2015  +0.0053  57%   252   None
    2016  +0.0009  52%   252   None
    2017  +0.0025  56%   251   None
    2018  +0.0033  55%   251   7.94
    2019  +0.0011  52%   252   None
    2020  +0.0046  55%   253   None

=== alpha060 ===
  mean IC +0.0053 | hit 52.8% | IC-IR 0.065 | t 3.36 | L/S Sharpe -0.0 | 2710 days
  best 2010 (IC 0.0138) | worst 2013 (IC -0.0044) | spread 0.0182
    year   meanIC   hit   days  L/S Sh
    2010  +0.0138  55%   193   1.71
    2011  -0.0001  50%   252   -0.25
    2012  +0.0028  54%   250   -0.79
    2013  -0.0044  49%   252   -0.65
    2014  +0.0038  51%   252   -0.23
    2015  +0.0093  56%   252   0.59
    2016  +0.0074  54%   252   0.59
    2017  +0.0074  52%   251   0.46
    2018  +0.0016  52%   251   0.38
    2019  +0.0072  54%   252   -0.42
    2020  +0.0114  55%   253   -0.54

=== alpha061 ===
  mean IC +0.0012 | hit 50.0% | IC-IR 0.02 | t 1.0 | L/S Sharpe None | 2573 days
  best 2014 (IC 0.0063) | worst 2020 (IC -0.0055) | spread 0.0118
    year   meanIC   hit   days  L/S Sh
    2010  -0.0033  48%    56   None
    2011  +0.0019  47%   252   None
    2012  -0.0043  48%   250   None
    2013  +0.0031  55%   252   None
    2014  +0.0063  53%   252   None
    2015  +0.0021  53%   252   None
    2016  +0.0047  54%   252   None
    2017  +0.0018  49%   251   None
    2018  +0.0026  48%   251   None
    2019  +0.0004  50%   252   None
    2020  -0.0055  44%   253   None

=== alpha062 ===
  mean IC +0.0024 | hit 52.8% | IC-IR 0.041 | t 2.15 | L/S Sharpe None | 2710 days
  best 2018 (IC 0.0068) | worst 2020 (IC -0.0028) | spread 0.0096
    year   meanIC   hit   days  L/S Sh
    2010  +0.0021  53%   193   None
    2011  -0.0007  50%   252   None
    2012  +0.0046  60%   250   None
    2013  -0.0012  48%   252   None
    2014  +0.0025  54%   252   None
    2015  +0.0023  54%   252   None
    2016  +0.0046  54%   252   None
    2017  +0.0015  51%   251   None
    2018  +0.0068  51%   251   None
    2019  +0.0068  59%   252   None
    2020  -0.0028  49%   253   None

=== alpha063 [indneut approx] ===
  mean IC +0.0014 | hit 50.7% | IC-IR 0.023 | t 1.18 | L/S Sharpe 0.46 | 2530 days
  best 2010 (IC 0.0062) | worst 2017 (IC -0.0016) | spread 0.0078
    year   meanIC   hit   days  L/S Sh
    2010  +0.0062  69%    13   -2.79
    2011  +0.0016  52%   252   1.6
    2012  -0.0015  47%   250   -0.25
    2013  +0.0050  57%   252   1.1
    2014  +0.0027  50%   252   1.9
    2015  +0.0016  52%   252   -0.31
    2016  +0.0012  50%   252   0.26
    2017  -0.0016  49%   251   -0.26
    2018  +0.0004  51%   251   0.88
    2019  +0.0027  50%   252   1.18
    2020  +0.0018  47%   253   0.05

=== alpha064 ===
  mean IC +0.0023 | hit 50.8% | IC-IR 0.031 | t 1.59 | L/S Sharpe None | 2623 days
  best 2020 (IC 0.0093) | worst 2013 (IC -0.0028) | spread 0.0121
    year   meanIC   hit   days  L/S Sh
    2010  +0.0027  54%   106   None
    2011  -0.0007  46%   252   None
    2012  -0.0009  48%   250   None
    2013  -0.0028  48%   252   None
    2014  +0.0035  52%   252   None
    2015  +0.0019  53%   252   None
    2016  +0.0053  55%   252   None
    2017  +0.0004  53%   251   None
    2018  +0.0019  54%   251   None
    2019  +0.0051  50%   252   None
    2020  +0.0093  49%   253   None

=== alpha065 ===
  mean IC +0.0024 | hit 50.5% | IC-IR 0.041 | t 2.14 | L/S Sharpe None | 2697 days
  best 2014 (IC 0.0076) | worst 2011 (IC -0.0008) | spread 0.0084
    year   meanIC   hit   days  L/S Sh
    2010  +0.0009  51%   180   None
    2011  -0.0008  48%   252   None
    2012  +0.0057  53%   250   None
    2013  +0.0016  52%   252   None
    2014  +0.0076  56%   252   None
    2015  +0.0008  49%   252   None
    2016  +0.0020  50%   252   None
    2017  +0.0008  47%   251   None
    2018  +0.0006  47%   251   None
    2019  +0.0029  52%   252   None
    2020  +0.0044  51%   253   None

=== alpha066 ===
  mean IC +0.0036 | hit 51.1% | IC-IR 0.048 | t 2.48 | L/S Sharpe 1.03 | 2710 days
  best 2020 (IC 0.0086) | worst 2017 (IC -0.0009) | spread 0.0095
    year   meanIC   hit   days  L/S Sh
    2010  +0.0020  49%   193   1.15
    2011  +0.0032  49%   252   1.94
    2012  +0.0051  53%   250   1.59
    2013  +0.0031  51%   252   0.96
    2014  +0.0053  54%   252   0.7
    2015  +0.0009  55%   252   0.3
    2016  +0.0037  55%   252   1.04
    2017  -0.0009  47%   251   -0.61
    2018  +0.0024  46%   251   1.03
    2019  +0.0060  54%   252   0.76
    2020  +0.0086  48%   253   2.02

=== alpha067 [indneut approx] ===
  mean IC +0.0055 | hit 52.8% | IC-IR 0.076 | t 3.95 | L/S Sharpe 0.52 | 2710 days
  best 2016 (IC 0.0129) | worst 2020 (IC -0.0019) | spread 0.0148
    year   meanIC   hit   days  L/S Sh
    2010  -0.0003  48%   193   0.76
    2011  +0.0089  58%   252   2.52
    2012  +0.0067  55%   250   1.76
    2013  +0.0047  53%   252   2.0
    2014  +0.0073  56%   252   1.48
    2015  +0.0067  54%   252   -0.29
    2016  +0.0129  57%   252   2.07
    2017  +0.0078  51%   251   1.39
    2018  +0.0045  49%   251   1.94
    2019  +0.0016  52%   252   0.44
    2020  -0.0019  47%   253   1.0

=== alpha068 ===
  mean IC +0.0026 | hit 52.7% | IC-IR 0.044 | t 2.3 | L/S Sharpe None | 2710 days
  best 2017 (IC 0.0083) | worst 2013 (IC -0.0025) | spread 0.0108
    year   meanIC   hit   days  L/S Sh
    2010  +0.0005  52%   193   None
    2011  +0.0004  51%   252   None
    2012  +0.0034  55%   250   None
    2013  -0.0025  49%   252   None
    2014  +0.0011  50%   252   None
    2015  +0.0050  57%   252   None
    2016  +0.0076  54%   252   None
    2017  +0.0083  56%   251   None
    2018  -0.0024  48%   251   None
    2019  +0.0041  55%   252   None
    2020  +0.0022  53%   253   None

=== alpha069 [indneut approx] ===
  mean IC +0.0010 | hit 50.3% | IC-IR 0.016 | t 0.84 | L/S Sharpe -0.12 | 2710 days
  best 2016 (IC 0.0089) | worst 2020 (IC -0.0056) | spread 0.0145
    year   meanIC   hit   days  L/S Sh
    2010  +0.0034  51%   193   1.02
    2011  +0.0023  52%   252   0.74
    2012  +0.0052  56%   250   1.09
    2013  -0.0011  50%   252   -0.63
    2014  +0.0075  55%   252   0.43
    2015  -0.0025  45%   252   -0.49
    2016  +0.0089  56%   252   0.32
    2017  +0.0007  52%   251   -0.24
    2018  -0.0038  43%   251   -1.53
    2019  -0.0031  51%   252   -1.7
    2020  -0.0056  44%   253   -0.05

=== alpha070 [indneut approx] ===
  mean IC +0.0040 | hit 52.6% | IC-IR 0.06 | t 3.1 | L/S Sharpe -0.35 | 2687 days
  best 2016 (IC 0.0099) | worst 2013 (IC -0.0038) | spread 0.0137
    year   meanIC   hit   days  L/S Sh
    2010  -0.0023  46%   170   -2.12
    2011  +0.0041  51%   252   -0.19
    2012  +0.0023  52%   250   -1.03
    2013  -0.0038  52%   252   -2.0
    2014  +0.0042  53%   252   -0.91
    2015  +0.0065  56%   252   -0.67
    2016  +0.0099  56%   252   0.46
    2017  +0.0070  55%   251   1.13
    2018  +0.0046  51%   251   0.22
    2019  +0.0074  55%   252   0.5
    2020  +0.0015  51%   253   -0.52

=== alpha071  <== regime candidate ===
  mean IC +0.0029 | hit 52.8% | IC-IR 0.045 | t 2.25 | L/S Sharpe -0.01 | 2544 days
  best 2012 (IC 0.008) | worst 2010 (IC -0.0173) | spread 0.0253
    year   meanIC   hit   days  L/S Sh
    2010  -0.0173  33%    27   None
    2011  +0.0035  50%   252   -2.07
    2012  +0.0080  60%   250   None
    2013  -0.0021  49%   252   None
    2014  +0.0006  52%   252   None
    2015  +0.0050  57%   252   None
    2016  +0.0053  54%   252   None
    2017  +0.0062  56%   251   None
    2018  +0.0029  52%   251   None
    2019  -0.0011  51%   252   None
    2020  +0.0023  49%   253   1.0

=== alpha072 ===
  mean IC +0.0037 | hit 53.6% | IC-IR 0.069 | t 3.58 | L/S Sharpe 0.79 | 2710 days
  best 2020 (IC 0.0105) | worst 2014 (IC -0.0016) | spread 0.0121
    year   meanIC   hit   days  L/S Sh
    2010  +0.0082  55%   193   2.81
    2011  +0.0013  49%   252   0.21
    2012  +0.0041  57%   250   1.24
    2013  +0.0044  56%   252   0.93
    2014  -0.0016  48%   252   -0.17
    2015  +0.0038  52%   252   0.97
    2016  -0.0014  52%   252   0.42
    2017  +0.0004  54%   251   -0.78
    2018  +0.0067  57%   251   0.49
    2019  +0.0052  55%   252   2.16
    2020  +0.0105  55%   253   1.24

=== alpha073 ===
  mean IC +0.0054 | hit 52.3% | IC-IR 0.067 | t 3.47 | L/S Sharpe 0.72 | 2710 days
  best 2010 (IC 0.0113) | worst 2015 (IC -0.0024) | spread 0.0137
    year   meanIC   hit   days  L/S Sh
    2010  +0.0113  55%   193   3.52
    2011  +0.0065  52%   252   2.34
    2012  +0.0096  58%   250   2.01
    2013  +0.0093  57%   252   2.84
    2014  +0.0080  54%   252   1.86
    2015  -0.0024  49%   252   0.6
    2016  +0.0073  54%   252   1.67
    2017  +0.0075  50%   251   2.35
    2018  -0.0002  46%   251   -0.06
    2019  +0.0039  54%   252   1.78
    2020  -0.0001  46%   253   1.37

=== alpha074 ===
  mean IC +0.0037 | hit 53.8% | IC-IR 0.091 | t 4.72 | L/S Sharpe None | 2689 days
  best 2010 (IC 0.0103) | worst 2020 (IC -0.0026) | spread 0.0129
    year   meanIC   hit   days  L/S Sh
    2010  +0.0103  60%   172   None
    2011  +0.0063  57%   252   None
    2012  +0.0087  60%   250   None
    2013  +0.0029  52%   252   None
    2014  +0.0022  52%   252   None
    2015  +0.0019  53%   252   None
    2016  +0.0045  55%   252   None
    2017  -0.0018  47%   251   None
    2018  +0.0069  59%   251   None
    2019  +0.0038  52%   252   None
    2020  -0.0026  47%   253   None

=== alpha075 ===
  mean IC +0.0042 | hit 55.1% | IC-IR 0.104 | t 5.4 | L/S Sharpe None | 2708 days
  best 2020 (IC 0.0075) | worst 2011 (IC -0.0006) | spread 0.0081
    year   meanIC   hit   days  L/S Sh
    2010  +0.0003  50%   191   None
    2011  -0.0006  52%   252   None
    2012  +0.0060  58%   250   None
    2013  +0.0073  57%   252   None
    2014  +0.0054  58%   252   None
    2015  +0.0057  60%   252   None
    2016  +0.0039  52%   252   None
    2017  +0.0026  54%   251   None
    2018  +0.0043  58%   251   None
    2019  +0.0031  53%   252   None
    2020  +0.0075  53%   253   None

=== alpha076 [indneut approx] ===
  mean IC +0.0034 | hit 51.4% | IC-IR 0.049 | t 2.53 | L/S Sharpe 0.54 | 2629 days
  best 2016 (IC 0.0078) | worst 2013 (IC -0.0002) | spread 0.008
    year   meanIC   hit   days  L/S Sh
    2010  +0.0002  50%   112   -0.94
    2011  +0.0011  49%   252   0.26
    2012  +0.0019  53%   250   -0.1
    2013  -0.0002  52%   252   -2.12
    2014  +0.0034  53%   252   -0.32
    2015  +0.0049  52%   252   1.04
    2016  +0.0078  57%   252   0.15
    2017  +0.0048  50%   251   0.3
    2018  +0.0045  47%   251   0.57
    2019  +0.0002  51%   252   -0.09
    2020  +0.0066  51%   253   2.88

=== alpha077 ===
  mean IC +0.0017 | hit 50.4% | IC-IR 0.024 | t 1.24 | L/S Sharpe 1.1 | 2710 days
  best 2016 (IC 0.0099) | worst 2013 (IC -0.0035) | spread 0.0134
    year   meanIC   hit   days  L/S Sh
    2010  +0.0030  52%   193   1.66
    2011  -0.0001  48%   252   0.94
    2012  +0.0046  53%   250   2.99
    2013  -0.0035  47%   252   0.75
    2014  +0.0016  54%   252   0.88
    2015  -0.0006  48%   252   0.54
    2016  +0.0099  53%   252   2.11
    2017  +0.0014  52%   251   0.38
    2018  -0.0022  46%   251   1.71
    2019  +0.0087  57%   252   1.64
    2020  -0.0035  45%   253   0.78

=== alpha078 ===
  mean IC +0.0049 | hit 54.2% | IC-IR 0.097 | t 5.05 | L/S Sharpe 1.23 | 2706 days
  best 2010 (IC 0.0107) | worst 2020 (IC -0.0058) | spread 0.0165
    year   meanIC   hit   days  L/S Sh
    2010  +0.0107  55%   189   3.06
    2011  +0.0080  54%   252   1.64
    2012  +0.0062  58%   250   3.09
    2013  +0.0092  58%   252   2.18
    2014  +0.0059  52%   252   1.56
    2015  +0.0011  56%   252   -0.09
    2016  +0.0068  57%   252   3.22
    2017  +0.0036  57%   251   0.72
    2018  +0.0034  52%   251   2.5
    2019  +0.0058  56%   252   0.63
    2020  -0.0058  43%   253   -0.89

=== alpha079 [indneut approx] ===
  mean IC +0.0018 | hit 50.7% | IC-IR 0.029 | t 1.45 | L/S Sharpe None | 2598 days
  best 2015 (IC 0.005) | worst 2013 (IC -0.0006) | spread 0.0056
    year   meanIC   hit   days  L/S Sh
    2010  +0.0000  49%    81   None
    2011  +0.0017  48%   252   None
    2012  +0.0036  54%   250   None
    2013  -0.0006  52%   252   None
    2014  +0.0035  53%   252   None
    2015  +0.0050  50%   252   None
    2016  +0.0030  51%   252   None
    2017  +0.0004  49%   251   None
    2018  +0.0004  51%   251   None
    2019  +0.0022  50%   252   None
    2020  -0.0001  50%   253   None

=== alpha080 [indneut approx] ===
  mean IC +0.0007 | hit 50.8% | IC-IR 0.014 | t 0.71 | L/S Sharpe 0.21 | 2710 days
  best 2014 (IC 0.0056) | worst 2020 (IC -0.0053) | spread 0.0109
    year   meanIC   hit   days  L/S Sh
    2010  +0.0006  49%   193   -0.28
    2011  +0.0001  49%   252   0.6
    2012  +0.0048  54%   250   1.05
    2013  -0.0012  48%   252   0.3
    2014  +0.0056  56%   252   0.7
    2015  +0.0007  49%   252   1.43
    2016  +0.0023  55%   252   0.16
    2017  -0.0008  55%   251   -0.66
    2018  +0.0010  52%   251   -1.12
    2019  -0.0007  46%   252   1.17
    2020  -0.0053  45%   253   -0.49

=== alpha081 ===
  mean IC +0.0059 | hit 55.4% | IC-IR 0.14 | t 7.24 | L/S Sharpe None | 2691 days
  best 2010 (IC 0.0098) | worst 2017 (IC 0.0016) | spread 0.0082
    year   meanIC   hit   days  L/S Sh
    2010  +0.0098  53%   174   None
    2011  +0.0083  55%   252   None
    2012  +0.0060  58%   250   None
    2013  +0.0082  59%   252   None
    2014  +0.0091  59%   252   None
    2015  +0.0034  56%   252   None
    2016  +0.0079  56%   252   None
    2017  +0.0016  54%   251   None
    2018  +0.0062  56%   251   None
    2019  +0.0030  52%   252   None
    2020  +0.0025  52%   253   None

=== alpha082 [indneut approx] ===
  mean IC +0.0014 | hit 49.0% | IC-IR 0.022 | t 1.16 | L/S Sharpe 0.54 | 2710 days
  best 2016 (IC 0.0058) | worst 2017 (IC -0.005) | spread 0.0108
    year   meanIC   hit   days  L/S Sh
    2010  +0.0018  46%   193   0.24
    2011  +0.0014  49%   252   2.24
    2012  +0.0034  53%   250   0.87
    2013  +0.0017  48%   252   0.46
    2014  +0.0024  50%   252   1.66
    2015  +0.0007  52%   252   0.26
    2016  +0.0058  52%   252   1.03
    2017  -0.0050  45%   251   1.46
    2018  -0.0013  45%   251   0.14
    2019  +0.0012  50%   252   -0.33
    2020  +0.0034  48%   253   -0.1

=== alpha083 ===
  mean IC +0.0089 | hit 54.7% | IC-IR 0.099 | t 5.13 | L/S Sharpe 0.84 | 2710 days
  best 2010 (IC 0.0206) | worst 2013 (IC -0.001) | spread 0.0216
    year   meanIC   hit   days  L/S Sh
    2010  +0.0206  60%   193   2.51
    2011  +0.0079  55%   252   0.67
    2012  +0.0031  55%   250   0.06
    2013  -0.0010  49%   252   -0.4
    2014  +0.0048  52%   252   -0.61
    2015  +0.0143  56%   252   2.12
    2016  +0.0148  59%   252   2.7
    2017  +0.0085  54%   251   0.66
    2018  +0.0061  57%   251   1.15
    2019  +0.0116  52%   252   1.6
    2020  +0.0100  55%   253   0.23

=== alpha084 ===
  mean IC +0.0072 | hit 52.3% | IC-IR 0.074 | t 3.87 | L/S Sharpe 1.15 | 2710 days
  best 2010 (IC 0.0133) | worst 2018 (IC -0.0045) | spread 0.0178
    year   meanIC   hit   days  L/S Sh
    2010  +0.0133  52%   193   1.04
    2011  +0.0072  50%   252   1.7
    2012  +0.0066  54%   250   2.57
    2013  +0.0046  52%   252   1.44
    2014  +0.0066  54%   252   0.78
    2015  +0.0096  58%   252   1.25
    2016  +0.0102  52%   252   1.41
    2017  +0.0024  52%   251   0.13
    2018  -0.0045  47%   251   0.43
    2019  +0.0121  54%   252   0.97
    2020  +0.0123  49%   253   1.67

=== alpha085 ===
  mean IC +0.0027 | hit 51.7% | IC-IR 0.055 | t 2.87 | L/S Sharpe 0.63 | 2710 days
  best 2020 (IC 0.0088) | worst 2013 (IC -0.002) | spread 0.0108
    year   meanIC   hit   days  L/S Sh
    2010  +0.0015  48%   193   1.78
    2011  +0.0011  46%   252   -0.35
    2012  +0.0057  54%   250   1.42
    2013  -0.0020  48%   252   0.35
    2014  +0.0018  52%   252   0.06
    2015  +0.0038  57%   252   1.51
    2016  -0.0017  46%   252   0.27
    2017  +0.0041  55%   251   0.48
    2018  +0.0055  53%   251   1.84
    2019  +0.0013  52%   252   -0.85
    2020  +0.0088  59%   253   1.07

=== alpha086 ===
  mean IC +0.0046 | hit 53.0% | IC-IR 0.073 | t 3.8 | L/S Sharpe None | 2710 days
  best 2017 (IC 0.0105) | worst 2013 (IC -0.0029) | spread 0.0134
    year   meanIC   hit   days  L/S Sh
    2010  +0.0045  51%   193   None
    2011  +0.0002  52%   252   None
    2012  +0.0029  51%   250   None
    2013  -0.0029  48%   252   None
    2014  +0.0008  51%   252   None
    2015  +0.0064  55%   252   None
    2016  +0.0082  54%   252   None
    2017  +0.0105  58%   251   None
    2018  +0.0055  55%   251   None
    2019  +0.0078  55%   252   None
    2020  +0.0065  52%   253   None

=== alpha087 [indneut approx] ===
  mean IC +0.0046 | hit 52.6% | IC-IR 0.065 | t 3.36 | L/S Sharpe -0.18 | 2660 days
  best 2019 (IC 0.0107) | worst 2013 (IC -0.0009) | spread 0.0116
    year   meanIC   hit   days  L/S Sh
    2010  +0.0061  57%   143   -0.08
    2011  +0.0001  50%   252   0.22
    2012  +0.0042  55%   250   -0.41
    2013  -0.0009  49%   252   -1.72
    2014  +0.0068  54%   252   -1.03
    2015  +0.0052  56%   252   0.18
    2016  +0.0103  55%   252   0.29
    2017  +0.0033  50%   251   0.21
    2018  +0.0032  50%   251   0.92
    2019  +0.0107  57%   252   -0.2
    2020  +0.0025  47%   253   -0.62

=== alpha088 ===
  mean IC +0.0023 | hit 51.4% | IC-IR 0.042 | t 2.17 | L/S Sharpe -0.06 | 2677 days
  best 2014 (IC 0.0083) | worst 2018 (IC -0.0034) | spread 0.0117
    year   meanIC   hit   days  L/S Sh
    2010  +0.0007  48%   160   None
    2011  +0.0059  53%   252   -3.37
    2012  +0.0063  55%   250   None
    2013  +0.0025  51%   252   None
    2014  +0.0083  58%   252   None
    2015  +0.0056  54%   252   None
    2016  -0.0014  48%   252   1.0
    2017  -0.0000  51%   251   None
    2018  -0.0034  48%   251   None
    2019  +0.0003  48%   252   None
    2020  +0.0003  51%   253   1.0

=== alpha089 [indneut approx] ===
  mean IC +0.0027 | hit 51.6% | IC-IR 0.055 | t 2.85 | L/S Sharpe 0.8 | 2710 days
  best 2012 (IC 0.008) | worst 2020 (IC -0.003) | spread 0.011
    year   meanIC   hit   days  L/S Sh
    2010  +0.0036  53%   193   2.35
    2011  +0.0075  54%   252   1.93
    2012  +0.0080  56%   250   0.94
    2013  +0.0011  52%   252   0.28
    2014  +0.0045  54%   252   1.54
    2015  +0.0061  53%   252   1.44
    2016  +0.0018  50%   252   1.29
    2017  +0.0015  51%   251   0.3
    2018  -0.0007  49%   251   0.42
    2019  -0.0006  50%   252   0.33
    2020  -0.0030  46%   253   -0.03

=== alpha090 [indneut approx] ===
  mean IC +0.0006 | hit 51.0% | IC-IR 0.011 | t 0.59 | L/S Sharpe None | 2710 days
  best 2020 (IC 0.0058) | worst 2010 (IC -0.007) | spread 0.0128
    year   meanIC   hit   days  L/S Sh
    2010  -0.0070  45%   193   None
    2011  -0.0015  48%   252   None
    2012  -0.0019  48%   250   None
    2013  -0.0035  47%   252   None
    2014  -0.0000  48%   252   None
    2015  +0.0006  53%   252   None
    2016  +0.0014  54%   252   None
    2017  +0.0029  50%   251   None
    2018  +0.0023  56%   251   None
    2019  +0.0055  54%   252   None
    2020  +0.0058  55%   253   None

=== alpha091 [indneut approx] ===
  mean IC +0.0018 | hit 51.9% | IC-IR 0.047 | t 2.42 | L/S Sharpe 0.28 | 2710 days
  best 2011 (IC 0.0049) | worst 2016 (IC -0.0027) | spread 0.0076
    year   meanIC   hit   days  L/S Sh
    2010  +0.0019  49%   193   -0.45
    2011  +0.0049  57%   252   1.69
    2012  +0.0022  52%   250   0.66
    2013  +0.0029  53%   252   1.24
    2014  +0.0018  50%   252   0.09
    2015  +0.0026  52%   252   0.07
    2016  -0.0027  48%   252   -0.63
    2017  +0.0026  53%   251   1.18
    2018  +0.0042  54%   251   2.05
    2019  +0.0011  49%   252   -1.27
    2020  -0.0010  53%   253   -0.16

=== alpha092 ===
  mean IC +0.0004 | hit 50.4% | IC-IR 0.009 | t 0.46 | L/S Sharpe None | 2710 days
  best 2020 (IC 0.008) | worst 2014 (IC -0.0036) | spread 0.0116
    year   meanIC   hit   days  L/S Sh
    2010  +0.0006  50%   193   None
    2011  +0.0005  47%   252   None
    2012  -0.0001  50%   250   None
    2013  -0.0011  48%   252   None
    2014  -0.0036  44%   252   None
    2015  -0.0012  51%   252   None
    2016  -0.0024  48%   252   None
    2017  -0.0018  53%   251   None
    2018  +0.0020  54%   251   None
    2019  +0.0035  55%   252   None
    2020  +0.0080  54%   253   None

=== alpha093 [indneut approx] ===
  mean IC +0.0004 | hit 50.1% | IC-IR 0.008 | t 0.4 | L/S Sharpe None | 2648 days
  best 2010 (IC 0.0052) | worst 2015 (IC -0.0028) | spread 0.008
    year   meanIC   hit   days  L/S Sh
    2010  +0.0052  54%   131   None
    2011  -0.0014  48%   252   None
    2012  +0.0005  50%   250   None
    2013  -0.0023  49%   252   None
    2014  +0.0002  52%   252   None
    2015  -0.0028  48%   252   None
    2016  -0.0011  50%   252   None
    2017  +0.0005  53%   251   None
    2018  +0.0010  48%   251   None
    2019  +0.0043  52%   252   None
    2020  +0.0023  49%   253   None

=== alpha094 ===
  mean IC +0.0007 | hit 50.0% | IC-IR 0.014 | t 0.73 | L/S Sharpe 0.47 | 2688 days
  best 2017 (IC 0.0041) | worst 2015 (IC -0.0036) | spread 0.0077
    year   meanIC   hit   days  L/S Sh
    2010  +0.0019  53%   171   None
    2011  +0.0001  49%   252   2.64
    2012  +0.0035  53%   250   None
    2013  +0.0033  54%   252   None
    2014  +0.0019  52%   252   None
    2015  -0.0036  50%   252   None
    2016  -0.0002  46%   252   1.0
    2017  +0.0041  53%   251   None
    2018  -0.0023  47%   251   None
    2019  -0.0026  46%   252   -1.0
    2020  +0.0015  47%   253   1.35

=== alpha095 ===
  mean IC +0.0016 | hit 51.0% | IC-IR 0.033 | t 1.7 | L/S Sharpe None | 2690 days
  best 2010 (IC 0.0081) | worst 2018 (IC -0.0054) | spread 0.0135
    year   meanIC   hit   days  L/S Sh
    2010  +0.0081  55%   173   None
    2011  +0.0022  53%   252   None
    2012  +0.0017  51%   250   None
    2013  +0.0019  58%   252   None
    2014  +0.0012  52%   252   None
    2015  -0.0006  48%   252   None
    2016  +0.0081  57%   252   None
    2017  +0.0003  49%   251   None
    2018  -0.0054  43%   251   None
    2019  +0.0043  53%   252   None
    2020  -0.0022  44%   253   None

=== alpha096 ===
  mean IC +nan | hit nan% | IC-IR None | t None | L/S Sharpe None | 0 days
  best None (IC nan) | worst None (IC nan) | spread None
    year   meanIC   hit   days  L/S Sh

=== alpha097 [indneut approx] ===
  mean IC -0.0138 | hit 50.0% | IC-IR -0.108 | t -0.15 | L/S Sharpe 0.2 | 2 days
  best 2017 (IC -0.0138) | worst 2017 (IC -0.0138) | spread 0.0
    year   meanIC   hit   days  L/S Sh
    2017  -0.0138  50%     2   -0.38

=== alpha098 ===
  mean IC -0.0004 | hit 48.5% | IC-IR -0.009 | t -0.45 | L/S Sharpe -0.11 | 2710 days
  best 2018 (IC 0.0071) | worst 2016 (IC -0.0066) | spread 0.0137
    year   meanIC   hit   days  L/S Sh
    2010  -0.0045  45%   193   -2.89
    2011  -0.0042  42%   252   -0.42
    2012  +0.0058  53%   250   1.05
    2013  -0.0034  44%   252   0.23
    2014  -0.0011  48%   252   -0.72
    2015  +0.0001  50%   252   0.29
    2016  -0.0066  42%   252   -0.55
    2017  -0.0021  47%   251   -1.47
    2018  +0.0071  55%   251   2.08
    2019  +0.0014  52%   252   0.35
    2020  +0.0026  53%   253   0.05

=== alpha099 ===
  mean IC +0.0043 | hit 53.5% | IC-IR 0.085 | t 4.38 | L/S Sharpe None | 2684 days
  best 2010 (IC 0.0086) | worst 2017 (IC 0.0008) | spread 0.0078
    year   meanIC   hit   days  L/S Sh
    2010  +0.0086  54%   167   None
    2011  +0.0041  53%   252   None
    2012  +0.0050  52%   250   None
    2013  +0.0028  53%   252   None
    2014  +0.0037  53%   252   None
    2015  +0.0018  51%   252   None
    2016  +0.0039  56%   252   None
    2017  +0.0008  54%   251   None
    2018  +0.0048  58%   251   None
    2019  +0.0079  57%   252   None
    2020  +0.0050  49%   253   None

=== alpha100 [indneut approx] ===
  mean IC +0.0080 | hit 54.8% | IC-IR 0.126 | t 6.56 | L/S Sharpe 0.64 | 2710 days
  best 2020 (IC 0.0154) | worst 2013 (IC 0.0021) | spread 0.0133
    year   meanIC   hit   days  L/S Sh
    2010  +0.0144  63%   193   4.72
    2011  +0.0068  56%   252   0.92
    2012  +0.0036  55%   250   0.73
    2013  +0.0021  50%   252   1.54
    2014  +0.0071  52%   252   3.59
    2015  +0.0113  57%   252   1.65
    2016  +0.0057  52%   252   1.39
    2017  +0.0090  54%   251   1.51
    2018  +0.0042  55%   251   1.51
    2019  +0.0098  57%   252   1.46
    2020  +0.0154  54%   253   1.19

=== alpha101 ===
  mean IC -0.0052 | hit 46.5% | IC-IR -0.049 | t -2.58 | L/S Sharpe -0.02 | 2710 days
  best 2013 (IC 0.0038) | worst 2016 (IC -0.013) | spread 0.0168
    year   meanIC   hit   days  L/S Sh
    2010  -0.0066  48%   193   -0.85
    2011  -0.0059  44%   252   -0.59
    2012  -0.0027  48%   250   0.45
    2013  +0.0038  52%   252   0.58
    2014  -0.0037  46%   252   0.28
    2015  -0.0060  44%   252   0.16
    2016  -0.0130  44%   252   -0.76
    2017  -0.0111  43%   251   -0.89
    2018  -0.0050  48%   251   -0.75
    2019  -0.0092  43%   252   -0.21
    2020  +0.0016  51%   253   0.67

============================================================
SUMMARY (101 alphas)
  Selected (IC>0.02, hit>50%): none
  Selected if sign-flipped:                none
  Regime-dependent candidates:             ['alpha009', 'alpha010', 'alpha025', 'alpha032', 'alpha071']
  Metrics  -> alpha101_results\all_metrics.csv
  Selected -> alpha101_results\selected_alphas.json
  Regime   -> alpha101_results\regime_alphas.json
