Loading OHLCV pickle...
Loading returns / universe...
Loading market cap / industry classification...
Panel ready: 4117 dates x 4999 tickers (2010-01-04 -> 2026-05-15)
  built alpha024
  built alpha041
C:\Users\USER\Documents\GitHub\QRT_comp\venv\Lib\site-packages\pandas\core\internals\blocks.py:347: RuntimeWarning: invalid value encountered in sqrt
  result = func(self.values, **kwargs)
  built alpha100

================ STANDALONE YEARLY NET RETURN % (Sharpe) ================
    year |         Reversal |         Momentum |         StatArb*
    2010 |     6.5% (2.59) |    -0.9% (-1.10) |     5.3% (1.32)
    2011 |     5.7% (1.37) |     4.2% (0.76) |     3.5% (0.68)
    2012 |     5.6% (2.18) |    -4.9% (-1.15) |     1.2% (0.30)
    2013 |     6.1% (2.36) |     4.5% (1.16) |    -2.7% (-0.85)
    2014 |     2.9% (0.81) |    -0.2% (-0.05) |     1.0% (0.37)
    2015 |     4.6% (1.14) |     6.9% (1.31) |    -4.3% (-1.41)
    2016 |     2.9% (0.72) |    -4.0% (-0.75) |    -0.5% (-0.20)
    2017 |     0.3% (0.12) |     4.4% (0.91) |     0.6% (0.24)
    2018 |     1.3% (0.38) |     3.9% (0.81) |    -0.7% (-0.24)
    2019 |     2.9% (0.88) |    -1.5% (-0.25) |     0.0% (0.00)
    2020 |    27.1% (1.97) |     5.2% (0.36) |    27.2% (3.86)
    2021 |     3.2% (0.45) |     1.3% (0.12) |     2.6% (0.94) *OOS
    2022 |    11.1% (1.41) |    -2.4% (-0.26) |     4.3% (1.50) *OOS
    2023 |     5.9% (1.41) |    -3.7% (-0.66) |     5.7% (1.90) *OOS
    2024 |    -0.8% (-0.20) |     8.6% (1.26) |    -2.1% (-0.94) *OOS
    2025 |     5.3% (1.01) |     7.2% (0.74) |     3.9% (1.32) *OOS
    2026 |     2.2% (0.73) |    12.5% (3.28) |    -0.8% (-0.93) *OOS

  ---- OOS 2021+ aggregate ----
    Reversal        : net ann ret   5.1% | Sharpe 0.82 | cum  27.0%
    Momentum        : net ann ret   4.4% | Sharpe 0.49 | cum  23.4%
    StatArb*        : net ann ret   2.6% | Sharpe 0.92 | cum  13.7%

  NOTE: StatArb* pairs are selected on recent ~18m data -> its pre-current
        backtest has look-ahead; compare Reversal vs Momentum directly, treat
        StatArb* years as indicative only.
