Loading OHLCV pickle...
Loading returns / universe...
Loading market cap / industry classification...
Panel ready: 2769 dates x 4999 tickers (2010-01-04 -> 2020-12-31)
  alpha005: IC +0.0030
  alpha011: IC +0.0023
  alpha019: IC +0.0030
  alpha020: IC +0.0027
  alpha022: IC +0.0014
  alpha023: IC +0.0032
  alpha024: IC +0.0072
  alpha030: IC +0.0018
  alpha040: IC +0.0046
  alpha041: IC +0.0045
  alpha043: IC +0.0048
C:\Users\USER\Documents\GitHub\QRT_comp\venv\Lib\site-packages\pandas\core\internals\blocks.py:347: RuntimeWarning: invalid value encountered in sqrt
  result = func(self.values, **kwargs)
  alpha044: IC +0.0037
C:\Users\USER\Documents\GitHub\QRT_comp\venv\Lib\site-packages\pandas\core\internals\blocks.py:347: RuntimeWarning: invalid value encountered in sqrt
  result = func(self.values, **kwargs)
  alpha055: IC +0.0051
  alpha057: IC +0.0036
C:\Users\USER\Documents\GitHub\QRT_comp\venv\Lib\site-packages\pandas\core\internals\blocks.py:347: RuntimeWarning: invalid value encountered in sqrt
  result = func(self.values, **kwargs)
  alpha059: IC +0.0029
  alpha073: IC +0.0018
C:\Users\USER\Documents\GitHub\QRT_comp\venv\Lib\site-packages\pandas\core\internals\blocks.py:347: RuntimeWarning: invalid value encountered in sqrt
  result = func(self.values, **kwargs)
C:\Users\USER\Documents\GitHub\QRT_comp\venv\Lib\site-packages\pandas\core\internals\blocks.py:347: RuntimeWarning: invalid value encountered in sqrt
  result = func(self.values, **kwargs)
  alpha078: IC +0.0021
  alpha083: IC +0.0037
  alpha084: IC +0.0020
C:\Users\USER\Documents\GitHub\QRT_comp\venv\Lib\site-packages\pandas\core\internals\blocks.py:347: RuntimeWarning: invalid value encountered in sqrt
  result = func(self.values, **kwargs)
  alpha100: IC +0.0027

===== A. SELECTED ALPHAS: exact design + IC =====
         best_long best_short  gross_Sh  net_Sh  turn_%  annret_%  mean_ic  hit_rate  ic_ir  t_stat
alpha                                                                                              
alpha024    D8-D10      D1-D1      1.95    1.55    25.0       8.6   0.0072     0.527  0.077     4.0
alpha005    D8-D10      D1-D1      1.60    1.04    55.0       9.2   0.0030     0.501  0.029     1.5
alpha100   D10-D10      D1-D5      1.83    0.99    64.0       8.1   0.0027     0.524  0.054     2.8
alpha023    D9-D10      D1-D1      1.73    0.84    79.0       8.7   0.0032     0.509  0.038     2.0
alpha019   D10-D10      D1-D5      1.29    0.81    40.0       6.7   0.0030     0.505  0.029     1.5
alpha041    D8-D10      D1-D1      1.56    0.68    82.0       8.3   0.0045     0.517  0.052     2.7
alpha020    D8-D10      D1-D1      1.64    0.65    84.0       7.8   0.0027     0.506  0.032     1.7
alpha083    D8-D10      D1-D1      1.56    0.61    83.0       7.6   0.0037     0.520  0.045     2.4
alpha073   D10-D10      D1-D1      1.35    0.58    79.0       7.8   0.0018     0.496  0.021     1.1
alpha011   D10-D10      D1-D5      1.57    0.56    75.0       6.6   0.0023     0.505  0.038     2.0
alpha057    D8-D10      D1-D1      1.46    0.52    82.0       7.2   0.0036     0.509  0.042     2.2
alpha043   D10-D10      D1-D5      1.20    0.52    54.0       5.7   0.0048     0.527  0.058     3.0

===== C. IC (all selected + dropped) =====
          mean_ic  hit_rate  ic_ir  t_stat  selected
alpha                                               
alpha024   0.0072     0.527  0.077     4.0      True
alpha055   0.0051     0.546  0.131     6.8     False
alpha043   0.0048     0.527  0.058     3.0      True
alpha040   0.0046     0.518  0.075     3.9     False
alpha041   0.0045     0.517  0.052     2.7      True
alpha044   0.0037     0.527  0.080     4.2     False
alpha083   0.0037     0.520  0.045     2.4      True
alpha057   0.0036     0.509  0.042     2.2      True
alpha023   0.0032     0.509  0.038     2.0      True
alpha005   0.0030     0.501  0.029     1.5      True
alpha019   0.0030     0.505  0.029     1.5      True
alpha059   0.0029     0.537  0.084     4.4     False
alpha100   0.0027     0.524  0.054     2.8      True
alpha020   0.0027     0.506  0.032     1.7      True
alpha011   0.0023     0.505  0.038     2.0      True
alpha078   0.0021     0.506  0.040     2.1     False
alpha084   0.0020     0.502  0.022     1.1     False
alpha030   0.0018     0.499  0.022     1.1     False
alpha073   0.0018     0.496  0.021     1.1      True
alpha022   0.0014     0.507  0.029     1.5     False

===== D. DROPPED (earlier core -> not selected now) =====
   alpha  gross_Sh  net_Sh  turn_%  mean_ic                                                        reason
alpha044      1.31    0.02    56.0   0.0037  gross OK (1.31) but costs/turnover kill net (0.02, turn 56%)
alpha055      1.34   -0.16    47.0   0.0051 gross OK (1.34) but costs/turnover kill net (-0.16, turn 47%)
alpha078      1.11    0.24    31.0   0.0021  gross OK (1.11) but costs/turnover kill net (0.24, turn 31%)
alpha022      1.14   -0.23    65.0   0.0014 gross OK (1.14) but costs/turnover kill net (-0.23, turn 65%)
alpha084      0.80    0.34   123.0   0.0020                                     net Sharpe 0.34 below 0.5
alpha040      0.74    0.14    37.0   0.0046                                     net Sharpe 0.14 below 0.5
alpha030      1.07    0.40    64.0   0.0018   gross OK (1.07) but costs/turnover kill net (0.4, turn 64%)
alpha059      1.40   -0.15    51.0   0.0029               degenerate (single-year/indneutralize artifact)

===== E. CORRELATION (selected best-design L/S PnL) =====
          alpha005  alpha011  alpha019  alpha020  alpha023  alpha024  alpha041  alpha043  alpha057  alpha073  alpha083  alpha100
alpha005      1.00      0.65      0.42      0.63      0.53      0.63      0.70      0.60      0.64      0.46      0.71      0.51
alpha011      0.65      1.00      0.10      0.33      0.33      0.54      0.65      0.69      0.64      0.01      0.67      0.62
alpha019      0.42      0.10      1.00      0.32      0.25      0.35      0.06      0.22      0.08      0.25      0.07     -0.06
alpha020      0.63      0.33      0.32      1.00      0.62      0.41      0.50      0.37      0.45      0.25      0.49      0.30
alpha023      0.53      0.33      0.25      0.62      1.00      0.39      0.53      0.42      0.49      0.14      0.48      0.29
alpha024      0.63      0.54      0.35      0.41      0.39      1.00      0.53      0.51      0.50      0.20      0.52      0.42
alpha041      0.70      0.65      0.06      0.50      0.53      0.53      1.00      0.55      0.92      0.12      0.94      0.64
alpha043      0.60      0.69      0.22      0.37      0.42      0.51      0.55      1.00      0.55     -0.04      0.52      0.45
alpha057      0.64      0.64      0.08      0.45      0.49      0.50      0.92      0.55      1.00      0.02      0.89      0.66
alpha073      0.46      0.01      0.25      0.25      0.14      0.20      0.12     -0.04      0.02      1.00      0.13      0.03
alpha083      0.71      0.67      0.07      0.49      0.48      0.52      0.94      0.52      0.89      0.13      1.00      0.70
alpha100      0.51      0.62     -0.06      0.30      0.29      0.42      0.64      0.45      0.66      0.03      0.70      1.00

avg |pairwise corr|: 0.43

Saved: selected_designs.csv, selected_decile_charts.png, selected_ic.csv, dropped_alphas.csv, selected_corr_matrix.csv, selected_corr_heatmap.png
